Removed Pin From Net: NetName=GND Pin=C3-1
Removed Pin From Net: NetName=GND Pin=C4-1
Removed Pin From Net: NetName=GND Pin=C5-1
Removed Pin From Net: NetName=GND Pin=C8-1
Removed Pin From Net: NetName=GND Pin=C9-1
Removed Pin From Net: NetName=GND Pin=J1-5
Removed Pin From Net: NetName=MAXS_SCL Pin=J2-3
Removed Pin From Net: NetName=TEMP Pin=J2-8
Removed Pin From Net: NetName=DW_SPI_CLK Pin=J2-9
Removed Pin From Net: NetName=DW_WAKEUP Pin=J2-10
Removed Pin From Net: NetName=DW_MOSI Pin=J2-11
Removed Pin From Net: NetName=GND Pin=R4-1
Removed Pin From Net: NetName=GND Pin=R5-1
Removed Pin From Net: NetName=GND Pin=R6-2
Removed Pin From Net: NetName=GND Pin=U3-3
Removed Pin From Net: NetName=GND Pin=U3-13
Removed Pin From Net: NetName=GND Pin=U3-14
Removed Pin From Net: NetName=GND Pin=U3-15
Removed Pin From Net: NetName=GND Pin=U3-16
Removed Pin From Net: NetName=GND Pin=U3-17
Removed Pin From Net: NetName=GND Pin=U3-18
Removed Pin From Net: NetName=GND Pin=U3-19
Removed Pin From Net: NetName=GND Pin=U4-8
Removed Pin From Net: NetName=GND Pin=U4-17
Removed Member From Class: ClassName=MAIN_PCB_CONNECTOR Member=J2
Add Component: Footprint Not Found SOT95P280X145-5N
Added Pin To Net: NetName=DW_SPI_CLK Pin=FPC1-6
Added Pin To Net: NetName=DW_MOSI Pin=FPC1-7
Added Pin To Net: NetName=DW_WAKEUP Pin=FPC1-10
Added Pin To Net: NetName=TEMP Pin=R13-2
Add Pin To Net: Unknown Pin: Pin U1-1
Add Pin To Net: Unknown Pin: Pin U1-2
Add Pin To Net: Unknown Pin: Pin U1-5
Added Pin To Net: NetName=MAXS_SCL Pin=U2-2
Added Pin To Net: NetName=TEMP Pin=U6-4
Add Net: Net with name "3v3" already exists
Add Net: Net with name "3v3" already exists
Add Net: Net with name "3v3" already exists
Add Net: Net with name "DW_EXTON" already exists
Add Net: Net with name "DW_MOSI" already exists
Add Net: Net with name "DW_RST" already exists
Add Net: Net with name "DW_SPI_CLK" already exists
Add Net: Net with name "DW_SPI_CS" already exists
Add Net: Net with name "DW_WAKEUP" already exists
Add Net: Net with name "GND" already exists
Add Net: Net with name "TEMP" already exists
Added Class: Name=N000-1_[0..2]
Added Class: Name=N000-2_[0..1]
Added Member To Class: ClassName=MAIN_PCB_CONNECTOR Member=Component FPC1 FH12-12S-0.5SH(55)
Add Class Member: Failed to add class member : Component U1 TPS70950DBVR
