Change Component Designator: OldDesignator=MD? NewDesignator=MD1
Added Component: Designator=U2(QFN-ML28_M)
Add component (AddParameter): Name = "Code_JEDEC"; Value = "MO-220"; VariantName = "[No Variations]"
Add component (AddParameter): Name = "ComponentLink1Description"; Value = "Manufacturer URL"; VariantName = "[No Variations]"
Add component (AddParameter): Name = "ComponentLink1URL"; Value = "http://www.microchip.com/"; VariantName = "[No Variations]"
Add component (AddParameter): Name = "ComponentLink2Description"; Value = "Datasheet"; VariantName = "[No Variations]"
Add component (AddParameter): Name = "ComponentLink2URL"; Value = "http://ww1.microchip.com/downloads/en/DeviceDoc/21952b.pdf"; VariantName = "[No Variations]"
Add component (AddParameter): Name = "ComponentLink3Description"; Value = "Package Specification"; VariantName = "[No Variations]"
Add component (AddParameter): Name = "ComponentLink3URL"; Value = "http://www.microchip.com/stellent/groups/techpub_sg/documents/packagingspec/en012702.pdf"; VariantName = "[No Variations]"
Add component (AddParameter): Name = "DatasheetVersion"; Value = "revB, Feb-2007"; VariantName = "[No Variations]"
Add component (AddParameter): Name = "PackageDescription"; Value = "28-Lead Plastic Quad Flat, No Lead Package (ML) - 6x6 mm Body [QFN] with 0.55 mm Contact Length"; VariantName = "[No Variations]"
Add component (AddParameter): Name = "PackageReference"; Value = "QFN-ML28"; VariantName = "[No Variations]"
Add component (AddParameter): Name = "PackageVersion"; Value = "revBB, Aug-2009"; VariantName = "[No Variations]"
Add component (AddParameter): Name = "RevisionNote"; Value = "URLs added."; VariantName = "[No Variations]"
Added Pin To Net: NetName=MISO_DW Pin=MD1-19
Added Net: Name=MISO_DW
Added Pin To Net: NetName=MOSI_DW Pin=MD1-18
Added Net: Name=MOSI_DW
Added Pin To Net: NetName=NetLabel48 Pin=U2-17
Added Net: Name=NetLabel48
Added Pin To Net: NetName=NetLabel49 Pin=U2-18
Added Net: Name=NetLabel49
Added Pin To Net: NetName=NetLabel50 Pin=U2-19
Added Net: Name=NetLabel50
Added Pin To Net: NetName=NetLabel51 Pin=U2-20
Added Net: Name=NetLabel51
Added Pin To Net: NetName=NetLabel52 Pin=U2-21
Added Net: Name=NetLabel52
Added Pin To Net: NetName=NetLabel53 Pin=U2-22
Added Net: Name=NetLabel53
Added Pin To Net: NetName=NetLabel54 Pin=U2-23
Added Net: Name=NetLabel54
Added Pin To Net: NetName=NetLabel55 Pin=U2-24
Added Net: Name=NetLabel55
Added Pin To Net: NetName=NetLabel56 Pin=U2-25
Added Net: Name=NetLabel56
Added Pin To Net: NetName=NetLabel57 Pin=U2-26
Added Net: Name=NetLabel57
Added Pin To Net: NetName=NetLabel58 Pin=U2-27
Added Net: Name=NetLabel58
Added Pin To Net: NetName=NetLabel59 Pin=U2-28
Added Net: Name=NetLabel59
Added Pin To Net: NetName=NetLabel60 Pin=U2-1
Added Net: Name=NetLabel60
Added Pin To Net: NetName=NetLabel61 Pin=U2-2
Added Net: Name=NetLabel61
Added Pin To Net: NetName=NetLabel62 Pin=U2-3
Added Net: Name=NetLabel62
Added Pin To Net: NetName=NetLabel63 Pin=U2-4
Added Net: Name=NetLabel63
Added Pin To Net: NetName=SCL/IO Pin=U2-8
Added Net: Name=SCL/IO
Added Pin To Net: NetName=SDA/IO Pin=U2-9
Added Net: Name=SDA/IO
Added Pin To Net: NetName=SPI_CLK_DW Pin=MD1-20
Added Net: Name=SPI_CLK_DW
Added Pin To Net: NetName=SPI_CS_DW Pin=MD1-17
Added Net: Name=SPI_CS_DW
Change Class Name : Old Net Name=POWER New Net Name=DWM3000TR13
Added Class: Name=GPIO_Expander
