Change Component Comment : Designator=U5 Old Comment=SOT-23-3_L2.9-W1.6-P1.90-LS2.8-BR New Comment=XC6206P332MR-G
Change component parameters: Designator = "U5" ("U5"); Footprint = "SOT-23-3_L2.9-W1.6-P1.90-LS2.8-BR"; UniqueID = "\SDCWCAKC" ("\SDCWCAKC")
Change component parameters (AddParameter): Name = "Add into BOM"; Value = "yes"; VariantName = "[No Variations]"
Change component parameters (AddParameter): Name = "Convert to PCB"; Value = "yes"; VariantName = "[No Variations]"
Change component parameters (AddParameter): Name = "Datasheet"; Value = "https://atta.szlcsc.com/upload/public/pdf/source/20130823/1457706639850.pdf"; VariantName = "[No Variations]"
Change component parameters (AddParameter): Name = "Device"; Value = "XC6206P332MR-G_C5446"; VariantName = "[No Variations]"
Change component parameters (AddParameter): Name = "Dropout Voltage"; Value = "680mV@(100mA)"; VariantName = "[No Variations]"
Change component parameters (AddParameter): Name = "JLCPCB Part Class"; Value = "Basic Part"; VariantName = "[No Variations]"
Change component parameters (AddParameter): Name = "LCSC Part Name"; Value = "??6V ??3.3V 200mA"; VariantName = "[No Variations]"
Change component parameters (AddParameter): Name = "Manufacturer"; Value = "TOREX(???)"; VariantName = "[No Variations]"
Change component parameters (AddParameter): Name = "Manufacturer Part"; Value = "XC6206P332MR-G"; VariantName = "[No Variations]"
Change component parameters (AddParameter): Name = "MAX Output Current"; Value = "200mA"; VariantName = "[No Variations]"
Change component parameters (AddParameter): Name = "Maximum Input Voltage"; Value = "6V"; VariantName = "[No Variations]"
Change component parameters (AddParameter): Name = "Number of Outputs"; Value = "1"; VariantName = "[No Variations]"
Change component parameters (AddParameter): Name = "Output Polarity"; Value = "Positive electrode"; VariantName = "[No Variations]"
Change component parameters (AddParameter): Name = "Output Type"; Value = ""; VariantName = "[No Variations]"
Change component parameters (AddParameter): Name = "Output Voltage"; Value = "3.3V"; VariantName = "[No Variations]"
Change component parameters (AddParameter): Name = "Power Supply Rejection Ratio (PSRR)"; Value = "-"; VariantName = "[No Variations]"
Change component parameters (AddParameter): Name = "Supplier"; Value = "LCSC"; VariantName = "[No Variations]"
Change component parameters (AddParameter): Name = "Supplier Footprint"; Value = "SOT-23-3L"; VariantName = "[No Variations]"
Change component parameters (AddParameter): Name = "Supplier Part"; Value = "C5446"; VariantName = "[No Variations]"
Change component parameters (AddParameter): Name = "Symbol"; Value = "XC6206P332MR"; VariantName = "[No Variations]"
Added Component: Designator=P5(PCBComponent_1)
Added Pin To Net: NetName=GND Pin=P5-1
Added Member To Class: ClassName=mcu Member=Component P5 PAD
Added Member To Class: ClassName=mcu Member=Component U5 XC6206P332MR-G
