Removed Pin From Net: NetName=3v3 Pin=J1-1
Removed Pin From Net: NetName=GND Pin=J1-2
Removed Pin From Net: NetName=MAXS_SCL Pin=J1-3
Removed Pin From Net: NetName=MAXS_SDA Pin=J1-5
Removed Pin From Net: NetName=DW_EXTON Pin=J1-7
Removed Pin From Net: NetName=TEMP Pin=J1-8
Removed Pin From Net: NetName=DW_SPI_CLK Pin=J1-9
Removed Pin From Net: NetName=DW_WAKEUP Pin=J1-10
Removed Pin From Net: NetName=DW_MOSI Pin=J1-11
Removed Pin From Net: NetName=DW_RST Pin=J1-12
Removed Pin From Net: NetName=DW_SPI_CS Pin=J1-13
Removed Member From Class: ClassName=TOP_TO_BOTTOM_CONT Member=J1
Added Pin To Net: NetName=3v3 Pin=FPC2-1
Added Pin To Net: NetName=GND Pin=FPC2-2
Added Pin To Net: NetName=MAXS_SCL Pin=FPC2-3
Added Pin To Net: NetName=MAXS_SDA Pin=FPC2-4
Added Pin To Net: NetName=DW_EXTON Pin=FPC2-5
Added Pin To Net: NetName=DW_SPI_CLK Pin=FPC2-6
Added Pin To Net: NetName=DW_MOSI Pin=FPC2-7
Added Pin To Net: NetName=DW_SPI_CS Pin=FPC2-8
Added Pin To Net: NetName=TEMP Pin=FPC2-9
Added Pin To Net: NetName=DW_WAKEUP Pin=FPC2-10
Added Pin To Net: NetName=DW_RST Pin=FPC2-11
