Removed Pin From Net: NetName=SCL_EXP Pin=R2-1
Removed Pin From Net: NetName=3v3 Pin=R2-2
Removed Pin From Net: NetName=SDA_EXP Pin=R3-1
Removed Pin From Net: NetName=3v3 Pin=R3-2
Removed Pin From Net: NetName=GND Pin=R4-1
Removed Pin From Net: NetName=GND Pin=R5-1
Removed Pin From Net: NetName=GND Pin=R6-1
Removed Pin From Net: NetName=NetR7_1 Pin=R7-1
Removed Pin From Net: NetName=3v3 Pin=R7-2
Removed Pin From Net: NetName=NetR8_1 Pin=R8-1
Removed Pin From Net: NetName=3v3 Pin=R8-2
Removed Pin From Net: NetName=3v3 Pin=R9-2
Removed Pin From Net: NetName=3v3 Pin=R12-2
Removed Pin From Net: NetName=CHIP_PU Pin=R13-1
Removed Pin From Net: NetName=3v3 Pin=R13-2
Removed Pin From Net: NetName=MAXS_SCL Pin=R14-1
Removed Pin From Net: NetName=3v3 Pin=R14-2
Removed Pin From Net: NetName=MAXS_SDA Pin=R15-1
Removed Pin From Net: NetName=3v3 Pin=R15-2
Removed Pin From Net: NetName=NetR7_1 Pin=U2-15
Removed Pin From Net: NetName=NetR8_1 Pin=U2-16
Removed Member From Class: ClassName=GPIO_Expander Member=R2
Removed Member From Class: ClassName=GPIO_Expander Member=R3
Removed Member From Class: ClassName=mcu Member=R12
Removed Member From Class: ClassName=mcu Member=R13
Added Component: Designator=R2(RESC1005X40X25LL05T10)
Add component (AddParameter): Name = "JLCPCB Part #"; Value = "C25744"; VariantName = "[No Variations]"
Add component (AddParameter): Name = "Manufacturer"; Value = "UNI-ROYAL(Uniroyal Elec)"; VariantName = "[No Variations]"
Add component (AddParameter): Name = "MFR.Part #"; Value = "0402WGF1002TCE"; VariantName = "[No Variations]"
Add component (AddParameter): Name = "Part Number"; Value = "0402WGF1002TCE"; VariantName = "[No Variations]"
Add component (AddParameter): Name = "resistance"; Value = "10k"; VariantName = "[No Variations]"
Added Component: Designator=R3(RESC1005X40X25LL05T10)
Add component (AddParameter): Name = "JLCPCB Part #"; Value = "C25744"; VariantName = "[No Variations]"
Add component (AddParameter): Name = "Manufacturer"; Value = "UNI-ROYAL(Uniroyal Elec)"; VariantName = "[No Variations]"
Add component (AddParameter): Name = "MFR.Part #"; Value = "0402WGF1002TCE"; VariantName = "[No Variations]"
Add component (AddParameter): Name = "Part Number"; Value = "0402WGF1002TCE"; VariantName = "[No Variations]"
Add component (AddParameter): Name = "resistance"; Value = "10k"; VariantName = "[No Variations]"
Added Component: Designator=R4(RESC1005X40X25LL05T10)
Add component (AddParameter): Name = "JLCPCB Part #"; Value = "C25744"; VariantName = "[No Variations]"
Add component (AddParameter): Name = "Manufacturer"; Value = "UNI-ROYAL(Uniroyal Elec)"; VariantName = "[No Variations]"
Add component (AddParameter): Name = "MFR.Part #"; Value = "0402WGF1002TCE"; VariantName = "[No Variations]"
Add component (AddParameter): Name = "Part Number"; Value = "0402WGF1002TCE"; VariantName = "[No Variations]"
Add component (AddParameter): Name = "resistance"; Value = "10k"; VariantName = "[No Variations]"
Added Component: Designator=R5(RESC1005X40X25LL05T10)
Add component (AddParameter): Name = "JLCPCB Part #"; Value = "C25744"; VariantName = "[No Variations]"
Add component (AddParameter): Name = "Manufacturer"; Value = "UNI-ROYAL(Uniroyal Elec)"; VariantName = "[No Variations]"
Add component (AddParameter): Name = "MFR.Part #"; Value = "0402WGF1002TCE"; VariantName = "[No Variations]"
Add component (AddParameter): Name = "Part Number"; Value = "0402WGF1002TCE"; VariantName = "[No Variations]"
Add component (AddParameter): Name = "resistance"; Value = "10k"; VariantName = "[No Variations]"
Added Component: Designator=R6(RESC1005X40X25LL05T10)
Add component (AddParameter): Name = "JLCPCB Part #"; Value = "C25744"; VariantName = "[No Variations]"
Add component (AddParameter): Name = "Manufacturer"; Value = "UNI-ROYAL(Uniroyal Elec)"; VariantName = "[No Variations]"
Add component (AddParameter): Name = "MFR.Part #"; Value = "0402WGF1002TCE"; VariantName = "[No Variations]"
Add component (AddParameter): Name = "Part Number"; Value = "0402WGF1002TCE"; VariantName = "[No Variations]"
Add component (AddParameter): Name = "resistance"; Value = "10k"; VariantName = "[No Variations]"
Added Component: Designator=R7(RESC1005X40X25LL05T10)
Add component (AddParameter): Name = "JLCPCB Part #"; Value = "C25744"; VariantName = "[No Variations]"
Add component (AddParameter): Name = "Manufacturer"; Value = "UNI-ROYAL(Uniroyal Elec)"; VariantName = "[No Variations]"
Add component (AddParameter): Name = "MFR.Part #"; Value = "0402WGF1002TCE"; VariantName = "[No Variations]"
Add component (AddParameter): Name = "Part Number"; Value = "0402WGF1002TCE"; VariantName = "[No Variations]"
Add component (AddParameter): Name = "resistance"; Value = "10k"; VariantName = "[No Variations]"
Added Component: Designator=R8(RESC1005X40X25LL05T10)
Add component (AddParameter): Name = "JLCPCB Part #"; Value = "C25744"; VariantName = "[No Variations]"
Add component (AddParameter): Name = "Manufacturer"; Value = "UNI-ROYAL(Uniroyal Elec)"; VariantName = "[No Variations]"
Add component (AddParameter): Name = "MFR.Part #"; Value = "0402WGF1002TCE"; VariantName = "[No Variations]"
Add component (AddParameter): Name = "Part Number"; Value = "0402WGF1002TCE"; VariantName = "[No Variations]"
Add component (AddParameter): Name = "resistance"; Value = "10k"; VariantName = "[No Variations]"
Added Component: Designator=R9(RESC1005X40X25LL05T10)
Add component (AddParameter): Name = "JLCPCB Part #"; Value = "C25744"; VariantName = "[No Variations]"
Add component (AddParameter): Name = "Manufacturer"; Value = "UNI-ROYAL(Uniroyal Elec)"; VariantName = "[No Variations]"
Add component (AddParameter): Name = "MFR.Part #"; Value = "0402WGF1002TCE"; VariantName = "[No Variations]"
Add component (AddParameter): Name = "Part Number"; Value = "0402WGF1002TCE"; VariantName = "[No Variations]"
Add component (AddParameter): Name = "resistance"; Value = "10k"; VariantName = "[No Variations]"
Added Component: Designator=R12(RESC1005X40X25LL05T10)
Add component (AddParameter): Name = "JLCPCB Part #"; Value = "C25744"; VariantName = "[No Variations]"
Add component (AddParameter): Name = "Manufacturer"; Value = "UNI-ROYAL(Uniroyal Elec)"; VariantName = "[No Variations]"
Add component (AddParameter): Name = "MFR.Part #"; Value = "0402WGF1002TCE"; VariantName = "[No Variations]"
Add component (AddParameter): Name = "Part Number"; Value = "0402WGF1002TCE"; VariantName = "[No Variations]"
Add component (AddParameter): Name = "resistance"; Value = "10k"; VariantName = "[No Variations]"
Added Component: Designator=R13(RESC1005X40X25LL05T10)
Add component (AddParameter): Name = "JLCPCB Part #"; Value = "C25744"; VariantName = "[No Variations]"
Add component (AddParameter): Name = "Manufacturer"; Value = "UNI-ROYAL(Uniroyal Elec)"; VariantName = "[No Variations]"
Add component (AddParameter): Name = "MFR.Part #"; Value = "0402WGF1002TCE"; VariantName = "[No Variations]"
Add component (AddParameter): Name = "Part Number"; Value = "0402WGF1002TCE"; VariantName = "[No Variations]"
Add component (AddParameter): Name = "resistance"; Value = "10k"; VariantName = "[No Variations]"
Added Component: Designator=R14(RESC1005X40X25LL05T10)
Add component (AddParameter): Name = "JLCPCB Part #"; Value = "C25744"; VariantName = "[No Variations]"
Add component (AddParameter): Name = "Manufacturer"; Value = "UNI-ROYAL(Uniroyal Elec)"; VariantName = "[No Variations]"
Add component (AddParameter): Name = "MFR.Part #"; Value = "0402WGF1002TCE"; VariantName = "[No Variations]"
Add component (AddParameter): Name = "Part Number"; Value = "0402WGF1002TCE"; VariantName = "[No Variations]"
Add component (AddParameter): Name = "resistance"; Value = "10k"; VariantName = "[No Variations]"
Added Component: Designator=R15(RESC1005X40X25LL05T10)
Add component (AddParameter): Name = "JLCPCB Part #"; Value = "C25744"; VariantName = "[No Variations]"
Add component (AddParameter): Name = "Manufacturer"; Value = "UNI-ROYAL(Uniroyal Elec)"; VariantName = "[No Variations]"
Add component (AddParameter): Name = "MFR.Part #"; Value = "0402WGF1002TCE"; VariantName = "[No Variations]"
Add component (AddParameter): Name = "Part Number"; Value = "0402WGF1002TCE"; VariantName = "[No Variations]"
Add component (AddParameter): Name = "resistance"; Value = "10k"; VariantName = "[No Variations]"
Added Pin To Net: NetName=CHIP_PU Pin=R2-1
Added Pin To Net: NetName=3v3 Pin=R2-2
Added Pin To Net: NetName=3v3 Pin=R3-2
Added Pin To Net: NetName=SCL_EXP Pin=R4-1
Added Pin To Net: NetName=3v3 Pin=R4-2
Added Pin To Net: NetName=SDA_EXP Pin=R5-1
Added Pin To Net: NetName=3v3 Pin=R5-2
Added Pin To Net: NetName=3v3 Pin=R6-2
Added Pin To Net: NetName=NetR7_1 Pin=R7-1
Added Pin To Net: NetName=3v3 Pin=R7-2
Added Pin To Net: NetName=NetR8_1 Pin=R8-1
Added Pin To Net: NetName=3v3 Pin=R8-2
Added Pin To Net: NetName=GND Pin=R9-1
Added Pin To Net: NetName=GND Pin=R12-1
Added Pin To Net: NetName=GND Pin=R13-1
Added Pin To Net: NetName=MAXS_SCL Pin=R14-1
Added Pin To Net: NetName=3v3 Pin=R14-2
Added Pin To Net: NetName=MAXS_SDA Pin=R15-1
Added Pin To Net: NetName=3v3 Pin=R15-2
Added Pin To Net: NetName=NetR8_1 Pin=U2-14
Added Pin To Net: NetName=NetR7_1 Pin=U2-16
Added Pin To Net: NetName=NetR3_1 Pin=R3-1
Added Pin To Net: NetName=NetR3_1 Pin=U1-51
Added Net: Name=NetR3_1
Added Pin To Net: NetName=NetR6_1 Pin=R6-1
Added Pin To Net: NetName=NetR6_1 Pin=U2-15
Added Net: Name=NetR6_1
Added Pin To Net: NetName=NetR9_2 Pin=R9-2
Added Pin To Net: NetName=NetR9_2 Pin=SB1-2
Added Pin To Net: NetName=NetR9_2 Pin=U2-11
Added Net: Name=NetR9_2
Added Pin To Net: NetName=NetR12_2 Pin=R12-2
Added Pin To Net: NetName=NetR12_2 Pin=SB2-2
Added Pin To Net: NetName=NetR12_2 Pin=U2-12
Added Net: Name=NetR12_2
Added Pin To Net: NetName=NetR13_2 Pin=R13-2
Added Pin To Net: NetName=NetR13_2 Pin=SB3-2
Added Pin To Net: NetName=NetR13_2 Pin=U2-13
Added Net: Name=NetR13_2
Added Class: Name=N000-1_[0..5]
Added Class: Name=N000-2_[0..1]
Added Class: Name=N000-3_[0..1]
Added Class: Name=N000-4_[0..5]
Added Class: Name=N000-5_[0..2]
Added Member To Class: ClassName=mcu Member=Component R2 0402WGF1002TCE
Added Member To Class: ClassName=mcu Member=Component R3 0402WGF1002TCE
Added Member To Class: ClassName=GPIO_Expander Member=Component R12 0402WGF1002TCE
Added Member To Class: ClassName=GPIO_Expander Member=Component R13 0402WGF1002TCE
