Removed Pin From Net: NetName=GND Pin=C21-1
Removed Pin From Net: NetName=3v3 Pin=C21-2
Removed Pin From Net: NetName=GND Pin=C22-1
Removed Pin From Net: NetName=3v3 Pin=C22-2
Removed Pin From Net: NetName=GND Pin=C23-1
Removed Pin From Net: NetName=3v3 Pin=C23-2
Removed Pin From Net: NetName=GND Pin=C24-1
Removed Pin From Net: NetName=3v3 Pin=C24-2
Removed Pin From Net: NetName=GND Pin=C25-1
Removed Pin From Net: NetName=3v3 Pin=C25-2
Removed Pin From Net: NetName=3v3 Pin=U1-20
Removed Pin From Net: NetName=3v3 Pin=U1-46
Removed Pin From Net: NetName=3v3 Pin=U1-55
Removed Pin From Net: NetName=3v3 Pin=U1-56
Removed Member From Class: ClassName=mcu Member=C21
Removed Member From Class: ClassName=mcu Member=C22
Removed Member From Class: ClassName=mcu Member=C23
Removed Member From Class: ClassName=mcu Member=C24
Removed Member From Class: ClassName=mcu Member=C25
Added Pin To Net: NetName=VDD Pin=U1-20
Added Pin To Net: NetName=VDD Pin=U1-46
Added Pin To Net: NetName=VDD Pin=U1-55
Added Pin To Net: NetName=VDD Pin=U1-56
Added Net: Name=VDD
Added Class: Name=N000-3_[0..2]
Added Class: Name=N000-4_[0..5]
Added Class: Name=N000-5_[0..5]
Added Class: Name=N000-6_[0..1]
Added Class: Name=N000-7_[0..1]
Added Class: Name=N000-8_[0..1]
Added Class: Name=N000-9_[0..2]
Added Class: Name=N000-13_[0..6]
Added Member To Class: ClassName=mcu Member=Component U? NCP114AMX330TCG
Added Member To Class: ClassName=mcu Member=Component U? NCP114AMX330TCG
