Removed Pin From Net: NetName=3v3 Pin=C1-2
Removed Pin From Net: NetName=3v3 Pin=C2-2
Removed Pin From Net: NetName=3v3 Pin=C18-2
Removed Pin From Net: NetName=3v3 Pin=C19-2
Removed Pin From Net: NetName=3v3 Pin=C20-2
Removed Pin From Net: NetName=3v3 Pin=FPC1-7
Removed Pin From Net: NetName=3v3 Pin=L2-2
Removed Pin From Net: NetName=3v3 Pin=R2-2
Removed Pin From Net: NetName=3v3 Pin=R3-2
Removed Pin From Net: NetName=3v3 Pin=R14-2
Removed Pin From Net: NetName=3v3 Pin=R15-2
Removed Pin From Net: NetName=3v3 Pin=U4-7
Removed Pin From Net: NetName=3v3 Pin=U4-15
Removed Pin From Net: NetName=3v3 Pin=U4-18
Removed Pin From Net: NetName=3v3 Pin=U6-13
Removed Pin From Net: NetName=3v3 Pin=U?-1
Remove Pin from Net: Failed to remove Pin
Removed Pin From Net: NetName=3v3 Pin=U?-1
Removed Pin From Net: NetName=GND Pin=U?-2
Remove Pin from Net: Failed to remove Pin
Removed Pin From Net: NetName=Vbat Pin=U?-3
Remove Pin from Net: Failed to remove Pin
Removed Pin From Net: NetName=Vbat Pin=U?-4
Remove Pin from Net: Failed to remove Pin
Removed Pin From Net: NetName=GND Pin=U?-5
Remove Pin from Net: Failed to remove Pin
Change Component Designator: OldDesignator=U? NewDesignator=U5
Added Component: Designator=U9(REG_NCP114AMX330TCG)
Add component (AddParameter): Name = "Check_prices"; Value = "https://www.snapeda.com/parts/NCP114AMX330TCG/Onsemi/view-part/?ref=eda"; VariantName = "[No Variations]"
Add component (AddParameter): Name = "MF"; Value = "ON Semiconductor"; VariantName = "[No Variations]"
Add component (AddParameter): Name = "MP"; Value = "NCP114AMX330TCG"; VariantName = "[No Variations]"
Add component (AddParameter): Name = "Package"; Value = "UDFN-4 ON Semiconductor"; VariantName = "[No Variations]"
Add component (AddParameter): Name = "SnapEDA_Link"; Value = "https://www.snapeda.com/parts/NCP114AMX330TCG/Onsemi/view-part/?ref=snap"; VariantName = "[No Variations]"
Add component (AddParameter): Name = "Value"; Value = ""; VariantName = "[No Variations]"
Added Component: Designator=U10(REG_NCP114AMX330TCG)
Add component (AddParameter): Name = "Check_prices"; Value = "https://www.snapeda.com/parts/NCP114AMX330TCG/Onsemi/view-part/?ref=eda"; VariantName = "[No Variations]"
Add component (AddParameter): Name = "MF"; Value = "ON Semiconductor"; VariantName = "[No Variations]"
Add component (AddParameter): Name = "MP"; Value = "NCP114AMX330TCG"; VariantName = "[No Variations]"
Add component (AddParameter): Name = "Package"; Value = "UDFN-4 ON Semiconductor"; VariantName = "[No Variations]"
Add component (AddParameter): Name = "SnapEDA_Link"; Value = "https://www.snapeda.com/parts/NCP114AMX330TCG/Onsemi/view-part/?ref=snap"; VariantName = "[No Variations]"
Add component (AddParameter): Name = "Value"; Value = ""; VariantName = "[No Variations]"
Added Component: Designator=U11(REG_NCP114AMX330TCG)
Add component (AddParameter): Name = "Check_prices"; Value = "https://www.snapeda.com/parts/NCP114AMX330TCG/Onsemi/view-part/?ref=eda"; VariantName = "[No Variations]"
Add component (AddParameter): Name = "MF"; Value = "ON Semiconductor"; VariantName = "[No Variations]"
Add component (AddParameter): Name = "MP"; Value = "NCP114AMX330TCG"; VariantName = "[No Variations]"
Add component (AddParameter): Name = "Package"; Value = "UDFN-4 ON Semiconductor"; VariantName = "[No Variations]"
Add component (AddParameter): Name = "SnapEDA_Link"; Value = "https://www.snapeda.com/parts/NCP114AMX330TCG/Onsemi/view-part/?ref=snap"; VariantName = "[No Variations]"
Add component (AddParameter): Name = "Value"; Value = ""; VariantName = "[No Variations]"
Added Pin To Net: NetName=VDD Pin=C18-2
Added Pin To Net: NetName=VDD Pin=C19-2
Added Pin To Net: NetName=VDD Pin=C20-2
Added Pin To Net: NetName=VDD Pin=L2-2
Added Pin To Net: NetName=VDD Pin=R2-2
Added Pin To Net: NetName=VDD Pin=R3-2
Added Pin To Net: NetName=VDD Pin=U5-1
Added Pin To Net: NetName=GND Pin=U9-2
Added Pin To Net: NetName=Vbat Pin=U9-3
Added Pin To Net: NetName=Vbat Pin=U9-4
Added Pin To Net: NetName=GND Pin=U9-5
Added Pin To Net: NetName=3v3 Pin=U10-1
Added Pin To Net: NetName=GND Pin=U10-2
Added Pin To Net: NetName=Vbat Pin=U10-3
Added Pin To Net: NetName=Vbat Pin=U10-4
Added Pin To Net: NetName=GND Pin=U10-5
Added Pin To Net: NetName=GND Pin=U11-2
Added Pin To Net: NetName=Vbat Pin=U11-3
Added Pin To Net: NetName=Vbat Pin=U11-4
Added Pin To Net: NetName=GND Pin=U11-5
Change Net Name : Old Net Name=3v3 New Net Name=3v3GE
Change Net Name : Old Net Name=VDD New Net Name=3v3MCU
Added Pin To Net: NetName=3v3MPU Pin=R14-2
Added Pin To Net: NetName=3v3MPU Pin=R15-2
Added Pin To Net: NetName=3v3MPU Pin=U6-13
Added Pin To Net: NetName=3v3MPU Pin=U11-1
Added Net: Name=3v3MPU
Added Pin To Net: NetName=3v3NRF Pin=U4-7
Added Pin To Net: NetName=3v3NRF Pin=U4-15
Added Pin To Net: NetName=3v3NRF Pin=U4-18
Added Pin To Net: NetName=3v3NRF Pin=U9-1
Added Net: Name=3v3NRF
Added Pin To Net: NetName=3v3 Pin=C1-2
Added Pin To Net: NetName=3v3 Pin=C2-2
Added Pin To Net: NetName=3v3 Pin=FPC1-7
Added Net: Name=3v3
Added Class: Name=N000-3_[0..5]
Added Class: Name=N000-4_[0..2]
Added Class: Name=N000-5_[0..1]
Added Class: Name=N000-7_[0..5]
Added Member To Class: ClassName=NRF24L01 Member=Component U9 NCP114AMX330TCG
Added Member To Class: ClassName=GPIO_Expander Member=Component U10 NCP114AMX330TCG
Added Member To Class: ClassName=MPU_6050 Member=Component U11 NCP114AMX330TCG
